C51 COMPILER V9.52.0.0   FOURLED                                                           03/30/2022 11:31:24 PAGE 1   


C51 COMPILER V9.52.0.0, COMPILATION OF MODULE FOURLED
OBJECT MODULE PLACED IN .\list\FOURLED.obj
COMPILER INVOKED BY: C:\Keil_v4\C51\BIN\C51.EXE FOURLED\FOURLED.c LARGE BROWSE INCDIR(.\delay;.\GPIO;.\LED;.\OLED;.\Gyro
                    -;.\Uart1;.\STEP_MOTOR;.\TRAFFIC_LIGHT;.\delay;.\PULSE;.\KEY;.\MKEY;.\BMKEY;.\YBUZZER;.\WBUZZER;.\ONELED;.\FOURLED;.\88EL
                    -ED;.\1616ELED;.\LCD1602) PRINT(.\list\FOURLED.lst) TABS(2) OBJECT(.\list\FOURLED.obj)

line level    source

   1          #include "FOURLED.h"
   2          #include "delay.h"
   3          /*********************************************************************
   4          文件名称：LED.h
   5          版    本：V1.0
   6          说    明：LED相关函数功能文件
   7          修改记录：2021-11-11
   8          *********************************************************************/
   9          code u8 FOUR_mum[16]={0x3f,0x06,0x5b,0x4f,0x66,0x6d,0x7d,0x07,0x7f,0x6f,0x77,0x7c,0x39,0x5e,0x79,0x71};
  10          /*********************************************************************
  11          函数原型：void LED_GPIO_config(void)
  12          函数功能：LED端口初始化函数
  13          输入参数：无
  14          输出参数：无
  15          *********************************************************************/
  16          void  FOURLED_GPIO_config(void)
  17          {
  18   1        GPIO_InitTypeDef  GPIO_InitStructure;     //结构定义
  19   1        GPIO_InitStructure.Mode = GPIO_OUT_PP;    //指定IO的输入或输出方式,GPIO_PullUp,GPIO_HighZ,GPIO_OUT_OD,GPIO_
             -OUT_PP
  20   1        
  21   1        GPIO_InitStructure.Pin  = GPIO_Pin_All;     //指定要初始化的IO, GPIO_Pin_7, 或操作
  22   1        GPIO_Inilize(GPIO_P7, &GPIO_InitStructure); //初始化
  23   1        
  24   1        
  25   1        GPIO_InitStructure.Mode = GPIO_OUT_PP;    //指定IO的输入或输出方式,GPIO_PullUp,GPIO_HighZ,GPIO_OUT_OD,GPIO_
             -OUT_PP
  26   1        GPIO_InitStructure.Pin  = GPIO_Pin_7;     //指定要初始化的IO, GPIO_Pin_7, 或操作
  27   1        GPIO_Inilize(GPIO_P2, &GPIO_InitStructure); //初始化
  28   1        
  29   1        GPIO_InitStructure.Mode = GPIO_OUT_PP;    //指定IO的输入或输出方式,GPIO_PullUp,GPIO_HighZ,GPIO_OUT_OD,GPIO_
             -OUT_PP
  30   1        GPIO_InitStructure.Pin  = GPIO_Pin_0;     //指定要初始化的IO, GPIO_Pin_7, 或操作
  31   1        GPIO_Inilize(GPIO_P3, &GPIO_InitStructure); //初始化
  32   1        
  33   1        GPIO_InitStructure.Mode = GPIO_OUT_PP;    //指定IO的输入或输出方式,GPIO_PullUp,GPIO_HighZ,GPIO_OUT_OD,GPIO_
             -OUT_PP
  34   1        GPIO_InitStructure.Pin  = GPIO_Pin_1;     //指定要初始化的IO, GPIO_Pin_7, 或操作
  35   1        GPIO_Inilize(GPIO_P3, &GPIO_InitStructure); //初始化
  36   1        
  37   1        GPIO_InitStructure.Mode = GPIO_OUT_PP;    //指定IO的输入或输出方式,GPIO_PullUp,GPIO_HighZ,GPIO_OUT_OD,GPIO_
             -OUT_PP
  38   1        GPIO_InitStructure.Pin  = GPIO_Pin_2;     //指定要初始化的IO, GPIO_Pin_7, 或操作
  39   1        GPIO_Inilize(GPIO_P3, &GPIO_InitStructure); //初始化
  40   1        DIG_A = 1;
  41   1        DIG_B = 1;
  42   1        DIG_C = 1;
  43   1        DIG_D = 1;
  44   1      }
  45          
  46          void FOUR_SMGShow(u16 num,u8 t)
  47          {
  48   1        u8 housand=num/1000;
C51 COMPILER V9.52.0.0   FOURLED                                                           03/30/2022 11:31:24 PAGE 2   

  49   1        u8 Hundred=num%1000/100;
  50   1        u8 Ten=num%100/10;
  51   1        u8 One=num%10;
  52   1        
  53   1        DIG_A = 0;  
  54   1        P7=FOUR_mum[housand];
  55   1        delay_ms(t);
  56   1      
  57   1        DIG_A = 1;  
  58   1      
  59   1      
  60   1        DIG_B = 0;  
  61   1        P7=FOUR_mum[Hundred]; 
  62   1        delay_ms(t);
  63   1        DIG_B = 1;  
  64   1      
  65   1      
  66   1        DIG_C = 0;  
  67   1        P7=FOUR_mum[Ten];
  68   1        delay_ms(t);
  69   1        DIG_C = 1;  
  70   1        
  71   1      
  72   1        DIG_D = 0;  
  73   1        P7=FOUR_mum[One];
  74   1        delay_ms(t);
  75   1        DIG_D = 1;  
  76   1        
  77   1      
  78   1      }
  79          


MODULE INFORMATION:   STATIC OVERLAYABLE
   CODE SIZE        =    295    ----
   CONSTANT SIZE    =     16    ----
   XDATA SIZE       =   ----       7
   PDATA SIZE       =   ----    ----
   DATA SIZE        =   ----    ----
   IDATA SIZE       =   ----    ----
   BIT SIZE         =   ----    ----
END OF MODULE INFORMATION.


C51 COMPILATION COMPLETE.  0 WARNING(S),  0 ERROR(S)
