C51 COMPILER V9.52.0.0   MKEY                                                              03/30/2022 11:31:24 PAGE 1   


C51 COMPILER V9.52.0.0, COMPILATION OF MODULE MKEY
OBJECT MODULE PLACED IN .\list\MKEY.obj
COMPILER INVOKED BY: C:\Keil_v4\C51\BIN\C51.EXE MKEY\MKEY.c LARGE BROWSE INCDIR(.\delay;.\GPIO;.\LED;.\OLED;.\Gyro;.\Uar
                    -t1;.\STEP_MOTOR;.\TRAFFIC_LIGHT;.\delay;.\PULSE;.\KEY;.\MKEY;.\BMKEY;.\YBUZZER;.\WBUZZER;.\ONELED;.\FOURLED;.\88ELED;.\1
                    -616ELED;.\LCD1602) PRINT(.\list\MKEY.lst) TABS(2) OBJECT(.\list\MKEY.obj)

line level    source

   1          #include "MKEY.h"
   2          #include  "delay.h"
   3          /*********************************************************************
   4          文件名称：LED.h
   5          版    本：V1.0
   6          说    明：LED相关函数功能文件
   7          修改记录：2021-11-11
   8          *********************************************************************/
   9          
  10          /*********************************************************************
  11          函数原型：void LED_GPIO_config(void)
  12          函数功能：LED端口初始化函数
  13          输入参数：无
  14          输出参数：无
  15          *********************************************************************/
  16          void  MKEY_GPIO_config(void)
  17          {
  18   1        GPIO_InitTypeDef  GPIO_InitStructure;     //结构定义
  19   1        GPIO_InitStructure.Mode = GPIO_PullUp;    //指定IO的输入或输出方式,GPIO_PullUp,GPIO_HighZ,GPIO_OUT_OD,GPIO_
             -OUT_PP
  20   1        
  21   1        GPIO_InitStructure.Pin  = GPIO_Pin_All;     //指定要初始化的IO, GPIO_Pin_7, 或操作
  22   1        GPIO_Inilize(GPIO_P6, &GPIO_InitStructure); //初始化
  23   1      }
  24          /*********************************************************************
  25          函数原型：u8 Mkey_Read(void)
  26          函数功能：矩阵按键键值读取函数
  27          输入参数：无
  28          输出参数：无
  29          *********************************************************************/
  30          u8 Mkey_Read(void)
  31          {
  32   1        u8 val=16;
  33   1          switch(P6)
  34   1          {
  35   2            case 0x11:  val = 0;
  36   2            break;
  37   2            case 0x21:  val = 1;
  38   2            break;      
  39   2            case 0x41:  val = 2;
  40   2            break;      
  41   2            case 0x81:  val = 3;
  42   2            break;
  43   2            
  44   2            case 0x12:  val = 4;
  45   2            break;      
  46   2            case 0x22:  val = 5;
  47   2            break;      
  48   2            case 0x42:  val = 6;
  49   2            break;      
  50   2            case 0x82:  val = 7;
  51   2            break;        
  52   2            
C51 COMPILER V9.52.0.0   MKEY                                                              03/30/2022 11:31:24 PAGE 2   

  53   2            case 0x14:  val = 8;
  54   2            break;      
  55   2            case 0x24:  val = 9;
  56   2            break;      
  57   2            case 0x44:  val = 10;
  58   2            break;      
  59   2            case 0x84:  val = 11;
  60   2            break;      
  61   2            
  62   2            case 0x18:  val = 12;
  63   2            break;      
  64   2            case 0x28:  val = 13;
  65   2            break;      
  66   2            case 0x48:  val = 14;
  67   2            break;      
  68   2            case 0x88:  val = 15;
  69   2            break;  
  70   2            default:val=16;
  71   2              break;
  72   2          }
  73   1      
  74   1      return val;
  75   1      
  76   1      }


MODULE INFORMATION:   STATIC OVERLAYABLE
   CODE SIZE        =    223    ----
   CONSTANT SIZE    =   ----    ----
   XDATA SIZE       =   ----       3
   PDATA SIZE       =   ----    ----
   DATA SIZE        =   ----    ----
   IDATA SIZE       =   ----    ----
   BIT SIZE         =   ----    ----
END OF MODULE INFORMATION.


C51 COMPILATION COMPLETE.  0 WARNING(S),  0 ERROR(S)
