C51 COMPILER V9.60.0.0   SPI                                                               05/20/2021 19:39:20 PAGE 1   


C51 COMPILER V9.60.0.0, COMPILATION OF MODULE SPI
OBJECT MODULE PLACED IN .\list\SPI.obj
COMPILER INVOKED BY: D:\20.keil C51\C51\BIN\C51.EXE FLASH\SPI.c LARGE OPTIMIZE(8,SPEED) BROWSE INCDIR(.\delay;.\GPIO;.\L
                    -ED;.\OLED;.\Gyro;.\Uart1;.\FLASH;.\AT24Cxx) PRINT(.\list\SPI.lst) TABS(2) OBJECT(.\list\SPI.obj)

line level    source

   1          #include "SPI.h"
   2          
   3          /*********************************************************************
   4          函数原型：void  SPI_GPIO_config(void)
   5          函数功能：SPI端口初始化函数
   6          输入参数：无
   7          输出参数：无
   8          版本：v1.0
   9          *********************************************************************/
  10          void SPI_GPIO_config(void)
  11          {
  12   1        GPIO_InitTypeDef  GPIO_InitStructure;   //结构定义
  13   1        
  14   1        GPIO_InitStructure.Mode = GPIO_OUT_PP;  //推挽输出模式
  15   1        GPIO_InitStructure.Pin  = GPIO_Pin_2 |  //MOSI
  16   1                                  GPIO_Pin_3 |  //NSS
  17   1                                  GPIO_Pin_4 |  //WP    
  18   1                                  GPIO_Pin_5;   //HOLD  
  19   1        GPIO_Inilize(GPIO_P0, &GPIO_InitStructure);
  20   1        
  21   1        GPIO_InitStructure.Mode = GPIO_OUT_PP;  //推挽输出模式
  22   1        GPIO_InitStructure.Pin  = GPIO_Pin_7;   //SCLK
  23   1        GPIO_Inilize(GPIO_P7, &GPIO_InitStructure);
  24   1        
  25   1        GPIO_InitStructure.Mode = GPIO_HighZ;   //浮空输入模式
  26   1        GPIO_InitStructure.Pin  = GPIO_Pin_6;   //MISO
  27   1        GPIO_Inilize(GPIO_P7, &GPIO_InitStructure);
  28   1        
  29   1        
  30   1      }
  31          /*********************************************************************
  32          函数原型：void SPI_SendoneByte(unsigned char byte)
  33          函数功能：向SPI从机发送一个字节数据
  34          输入参数：byte:要发送的数据
  35          输出参数：无
  36          版本：v1.0
  37          *********************************************************************/
  38          void SPI_SendoneByte(unsigned char byte)
  39          {
  40   1        unsigned char i,byt;
  41   1        for(i=0;i<8;i++)
  42   1        {
  43   2          FLASH_SPI_SCL = 1;
  44   2          byt = 0x80>>i;
  45   2          if ((byte&byt) != 0){ FLASH_SPI_MOSI = 1; }
  46   2          else                { FLASH_SPI_MOSI=0;   }
  47   2          delay_us(SpiSCLT);
  48   2          FLASH_SPI_SCL = 0;
  49   2          delay_us(SpiSCLT);
  50   2        }
  51   1          FLASH_SPI_SCL = 1;
  52   1      }
  53          
  54          
C51 COMPILER V9.60.0.0   SPI                                                               05/20/2021 19:39:20 PAGE 2   

  55          /*********************************************************************
  56          函数原型：unsigned char SPI_ReadoneByte(void)
  57          函数功能：从SPI从机接收（读取）一个字节数据
  58          输入参数：无
  59          输出参数：SPI_Data：读取到的数据
  60          版本：v1.0
  61          *********************************************************************/
  62          unsigned char SPI_ReadoneByte(void)
  63          {
  64   1        unsigned char SPI_Data=0,counter;
  65   1        for( counter = 0; counter < 8; counter++)
  66   1        {
  67   2          SPI_Data <<= 1;
  68   2          FLASH_SPI_SCL = 0;
  69   2          delay_us(SpiSCLT);
  70   2          if(FLASH_SPI_MISO == 1){  SPI_Data |= 0x01; }
  71   2          delay_us(SpiSCLT);
  72   2          FLASH_SPI_SCL = 1;
  73   2          delay_us(SpiSCLT);
  74   2        }
  75   1          return SPI_Data;
  76   1      }
  77          
  78          
  79          
  80          
  81          
  82          
  83          
  84          
  85          
  86          
  87          
  88          


MODULE INFORMATION:   STATIC OVERLAYABLE
   CODE SIZE        =    215    ----
   CONSTANT SIZE    =   ----    ----
   XDATA SIZE       =   ----       6
   PDATA SIZE       =   ----    ----
   DATA SIZE        =   ----    ----
   IDATA SIZE       =   ----    ----
   BIT SIZE         =   ----    ----
END OF MODULE INFORMATION.


C51 COMPILATION COMPLETE.  0 WARNING(S),  0 ERROR(S)
