C51 COMPILER V9.60.0.0   UART1                                                             05/21/2021 09:53:30 PAGE 1   


C51 COMPILER V9.60.0.0, COMPILATION OF MODULE UART1
OBJECT MODULE PLACED IN .\list\Uart1.obj
COMPILER INVOKED BY: D:\20.keil C51\C51\BIN\C51.EXE Uart1\Uart1.c LARGE OPTIMIZE(8,SPEED) BROWSE INCDIR(.\delay;.\GPIO;.
                    -\LED;.\OLED;.\Gyro;.\Uart1;.\STEP_MOTOR;.\TRAFFIC_LIGHT) PRINT(.\list\Uart1.lst) TABS(2) OBJECT(.\list\Uart1.obj)

line level    source

   1          #include "uart1.h"
   2          #include "stdio.h"
   3          
   4          
   5          
   6          
   7          
   8          #define BAUD 115200UL             //串口波特率
   9          
  10          
  11          #define S1_S0 0x40              //P_SW1.6
  12          #define S1_S1 0x80              //P_SW1.7
  13          #define STI   0x02              //S4CON.1
  14          
  15          
  16          unsigned char uart1_buf[128] = {0};
  17          unsigned char UART1_LEN = 0, UART1_STA = 0;
  18          
  19          
  20          void Uart1_Init(void)
  21          {
  22   1        ACC = P_SW1;
  23   1        ACC &= ~(S1_S0 | S1_S1);    //S1_S0=0 S1_S1=0(P3.0/RxD, P3.1/TxD)
  24   1        P_SW1 = ACC;
  25   1        SCON  = (SCON & 0x3f) | 0x40;                //8位可变波特率
  26   1        
  27   1        T2L = (65536 - (MAIN_Fosc/4/BAUD));   //设置波特率重装值
  28   1        T2H = (65536 - (MAIN_Fosc/4/BAUD))>>8;
  29   1      
  30   1        AUXR = 0x14;                //T2为1T模式, 并启动定时器2
  31   1        AUXR |= 0x01;               //选择定时器2为串口1的波特率发生器
  32   1        PS = 1; //高优先级中断
  33   1        
  34   1        ES = 1;                     //使能串口1中断
  35   1      //  TI = 1;         //S4TI位
  36   1        REN = 1;  //允许接收
  37   1        EA = 1;   //允许全局中断
  38   1      }
  39          
  40          void Uart1() interrupt 4 using 1
  41          {
  42   1        unsigned char Res;
  43   1        
  44   1        if(RI)
  45   1        {
  46   2          RI = 0;
  47   2          
  48   2          Res = SBUF;
  49   2          if(UART1_LEN < 128)
  50   2          {
  51   3            uart1_buf[UART1_LEN++] = Res;
  52   3          }
  53   2          
  54   2          if(Res == '\r')//按下回车键
C51 COMPILER V9.60.0.0   UART1                                                             05/21/2021 09:53:30 PAGE 2   

  55   2          {
  56   3            UART1_STA = 1;
  57   3            UART1_LEN = 0;
  58   3          }
  59   2        }
  60   1      }
  61          
  62          
  63          /*----------------------------
  64          发送串口数据
  65          ----------------------------*/
  66          void SendData(char dat)
  67          {
  68   1        SBUF = dat;                //写数据到UART4数据寄存器
  69   1        while(!TI);
  70   1        TI = 0;         //清除S4TI位
  71   1      }
  72          
  73          /*----------------------------
  74          发送字符串
  75          ----------------------------*/
  76          void Uart1SendData(char *s, unsigned short len)
  77          {
  78   1          while (len)                  //检测字符串结束标志
  79   1          {
  80   2            SendData(*s++);         //发送当前字符
  81   2            len--;
  82   2          }
  83   1      }
  84          
  85          char putchar(char c)
  86          {
  87   1        ES = 0;                 //使能串口4中断
  88   1        
  89   1        SBUF = c;
  90   1        
  91   1        while(!TI);
  92   1        TI = 0;         //清除S4TI位
  93   1        
  94   1        ES = 1;                 //使能串口4中断
  95   1        
  96   1        return c;
  97   1      }


MODULE INFORMATION:   STATIC OVERLAYABLE
   CODE SIZE        =    172    ----
   CONSTANT SIZE    =   ----    ----
   XDATA SIZE       =    130       3
   PDATA SIZE       =   ----    ----
   DATA SIZE        =   ----    ----
   IDATA SIZE       =   ----    ----
   BIT SIZE         =   ----    ----
END OF MODULE INFORMATION.


C51 COMPILATION COMPLETE.  0 WARNING(S),  0 ERROR(S)
