C51 COMPILER V9.52.0.0   DCMOTO                                                            04/24/2022 11:14:58 PAGE 1   


C51 COMPILER V9.52.0.0, COMPILATION OF MODULE DCMOTO
OBJECT MODULE PLACED IN .\list\DCMOTO.obj
COMPILER INVOKED BY: C:\Keil_v4\C51\BIN\C51.EXE DCMOTO\DCMOTO.c LARGE BROWSE INCDIR(.\delay;.\GPIO;.\LED;.\OLED;.\Gyro;.
                    -\Uart1;.\STEP_MOTOR;.\TRAFFIC_LIGHT;.\delay;.\PULSE;.\KEY;.\MKEY;.\BMKEY;.\YBUZZER;.\WBUZZER;.\ONELED;.\FOURLED;.\88ELED
                    -;.\1616ELED;.\LCD1602;.\LCD12864;.\LCDTFT;.\SPI;.\STMP_MOTO;.\DCMOTO;.\REMOTO) PRINT(.\list\DCMOTO.lst) TABS(2) OBJECT(.
                    -\list\DCMOTO.obj)

line level    source

   1          #include "DCMOTO.h"
   2          ///*********************************************************************
   3          //文件名称：LED88.h
   4          //版    本：V1.0
   5          //说    明：88LED相关函数功能文件
   6          //修改记录：2021-11-11
   7          //*********************************************************************/
   8          
   9          //#define T1MS (65536-MAIN_Fosc/1000)      //1T模式
  10          ///*********************************************************************
  11          //函数原型：void LED_GPIO_config(void)
  12          //函数功能：LED端口初始化函数
  13          //输入参数：无
  14          //输出参数：无
  15          //*********************************************************************/
  16          //void DCMOTO_GPIO_config(void)
  17          //{
  18          //  GPIO_InitTypeDef  GPIO_InitStructure;     //结构定义
  19          //  GPIO_InitStructure.Mode = GPIO_OUT_PP;    //指定IO的输入或输出方式,GPIO_PullUp,GPIO_HighZ,GPIO_OUT_OD,GPI
             -O_OUT_PP
  20          //  
  21          //  GPIO_InitStructure.Pin  = GPIO_Pin_6;     //指定要初始化的IO, GPIO_Pin_7, 或操作
  22          //  GPIO_Inilize(GPIO_P0, &GPIO_InitStructure); //初始化
  23          //  
  24          //  GPIO_InitStructure.Pin  = GPIO_Pin_0 |GPIO_Pin_1;     //指定要初始化的IO, GPIO_Pin_7, 或操作
  25          //  GPIO_Inilize(GPIO_P3, &GPIO_InitStructure); //初始化  
  26          //  
  27          //}
  28          //void Time0_16_Config_Init(void)
  29          //{
  30          //    AUXR |= 0x80;                   //定时器0为1T模式
  31          ////  AUXR &= 0x7f;                   //定时器0为12T模式
  32          
  33          //    TMOD = 0x00;                    //设置定时器为模式0(16位自动重装载)
  34          //    TL0 = T1MS;                     //初始化计时值
  35          //    TH0 = T1MS >> 8;
  36          //    TR0 = 1;                        //定时器0开始计时
  37          //    ET0 = 1;                        //使能定时器0中断
  38          //    EA = 1;
  39          //}
  40          //void DCMoto_Sta(u8 sta,u8 dir)
  41          //{
  42          
  43          //  switch(sta)
  44          //  {
  45          //    case 0: TR0 = 0;  IN1 = 0;IN2 =0; break;
  46          //    case 1:TR0 = 1;
  47          //    switch(dir)
  48          //    {
  49          //      case 1:
  50          //        IN1 = 1;
  51          //        IN2 =0;
C51 COMPILER V9.52.0.0   DCMOTO                                                            04/24/2022 11:14:58 PAGE 2   

  52          //        break;  
  53          //    
  54          //      case 2:
  55          //        IN1 = 0;
  56          //        IN2 =1;
  57          //        break;  
  58          //    }break; 
  59          //}
  60          //}
  61          
  62          
  63          
  64          
  65          
  66          //void tm0_isr() interrupt 1 using 1
  67          //{
  68          //    P06= ! P06;                    //将测试口取反
  69          //}
  70          
  71          


MODULE INFORMATION:   STATIC OVERLAYABLE
   CODE SIZE        =   ----    ----
   CONSTANT SIZE    =   ----    ----
   XDATA SIZE       =   ----    ----
   PDATA SIZE       =   ----    ----
   DATA SIZE        =   ----    ----
   IDATA SIZE       =   ----    ----
   BIT SIZE         =   ----    ----
END OF MODULE INFORMATION.


C51 COMPILATION COMPLETE.  0 WARNING(S),  0 ERROR(S)
