C51 COMPILER V9.52.0.0   GPIO                                                              04/24/2022 11:14:56 PAGE 1   


C51 COMPILER V9.52.0.0, COMPILATION OF MODULE GPIO
OBJECT MODULE PLACED IN .\list\GPIO.obj
COMPILER INVOKED BY: C:\Keil_v4\C51\BIN\C51.EXE GPIO\GPIO.c LARGE BROWSE INCDIR(.\delay;.\GPIO;.\LED;.\OLED;.\Gyro;.\Uar
                    -t1;.\STEP_MOTOR;.\TRAFFIC_LIGHT;.\delay;.\PULSE;.\KEY;.\MKEY;.\BMKEY;.\YBUZZER;.\WBUZZER;.\ONELED;.\FOURLED;.\88ELED;.\1
                    -616ELED;.\LCD1602;.\LCD12864;.\LCDTFT;.\SPI;.\STMP_MOTO;.\DCMOTO;.\REMOTO) PRINT(.\list\GPIO.lst) TABS(2) OBJECT(.\list\
                    -GPIO.obj)

line level    source

   1          #include  "GPIO.h"
   2          /*************************************************************************************************
   3          芯片上电后所有与PWM相关的IO口均为高阻态,需将这些口设置为准双向口或强推挽模式方可正常使用
   4          相关IO: P0.6/P0.7/P1.6/P1.7/P2.1/P2.2/P2.3/P2.7/P3.7/P4.2/P4.4/P4.5
   5          另外还有P1.0/P1.4两个口在上电时为强推挽输出,程序初始化时也需将这两个口设置为弱上拉准双向口模式
   6          *************************************************************************************************/
   7          
   8          /*********************************************************************
   9          函数原型：void Special_IO_Init(void)
  10          函数功能：IAP15W4K58S4单片机特殊端口初始化（手册内容）
  11          输入参数：无
  12          输出参数：无
  13          *********************************************************************/
  14          void Special_IO_Init(void)
  15          {
  16   1        GPIO_InitTypeDef  GPIO_InitStructure;                   //结构定义
  17   1        GPIO_InitStructure.Mode = GPIO_OUT_PP;                  //推挽输出方式
  18   1        GPIO_InitStructure.Pin  = GPIO_Pin_6 | GPIO_Pin_7;      //设置的引脚
  19   1        GPIO_Inilize(GPIO_P0, &GPIO_InitStructure); 
  20   1      
  21   1        GPIO_InitStructure.Mode = GPIO_OUT_PP;                  
  22   1        GPIO_InitStructure.Pin  = GPIO_Pin_6 | GPIO_Pin_7| GPIO_Pin_0| GPIO_Pin_4;      
  23   1        GPIO_Inilize(GPIO_P1, &GPIO_InitStructure); 
  24   1      
  25   1        GPIO_InitStructure.Mode = GPIO_OUT_PP;                  
  26   1        GPIO_InitStructure.Pin  = GPIO_Pin_2 | GPIO_Pin_3 | GPIO_Pin_7;     
  27   1        GPIO_Inilize(GPIO_P2, &GPIO_InitStructure); 
  28   1        
  29   1        GPIO_InitStructure.Mode = GPIO_OUT_PP;                  
  30   1        GPIO_InitStructure.Pin  = GPIO_Pin_7;     
  31   1        GPIO_Inilize(GPIO_P3, &GPIO_InitStructure); 
  32   1        
  33   1        GPIO_InitStructure.Mode = GPIO_OUT_PP;                  
  34   1        GPIO_InitStructure.Pin  = GPIO_Pin_2 | GPIO_Pin_4 | GPIO_Pin_5;     
  35   1        GPIO_Inilize(GPIO_P4, &GPIO_InitStructure); 
  36   1        P0M0 = P0M1 = 0x00;
  37   1        P1M0 = P1M1 = 0x00;
  38   1        P2M0 = P2M1 = 0x00;
  39   1        P3M0 = P3M1 = 0x00;
  40   1        P4M0 = P4M1 = 0x00;
  41   1        P5M0 = P5M1 = 0x00;
  42   1        P6M0 = P6M1 = 0x00;
  43   1        P7M0 = P7M1 = 0x00;
  44   1        
  45   1      }
  46          /*********************************************************************
  47          函数原型：unsigned char GPIO_Inilize(unsigned char GPIO, GPIO_InitTypeDef *GPIOx)
  48          函数功能：GPIO：要初始化的GPIO端口，GPIOx：引用的结构体
  49          输入参数：无
  50          输出参数：无
  51          *********************************************************************/
  52          unsigned char GPIO_Inilize(unsigned char GPIO, GPIO_InitTypeDef *GPIOx)
C51 COMPILER V9.52.0.0   GPIO                                                              04/24/2022 11:14:56 PAGE 2   

  53          {
  54   1        if(GPIO > GPIO_P7)            return 1; //空操作
  55   1        if(GPIOx->Mode > GPIO_OUT_PP) return 2; //错误
  56   1        if(GPIO == GPIO_P0)
  57   1        {
  58   2          if(GPIOx->Mode == GPIO_PullUp)    P0M1 &= ~GPIOx->Pin,  P0M0 &= ~GPIOx->Pin;   //上拉准双向口
  59   2          if(GPIOx->Mode == GPIO_HighZ)     P0M1 |=  GPIOx->Pin,  P0M0 &= ~GPIOx->Pin;   //浮空输入
  60   2          if(GPIOx->Mode == GPIO_OUT_OD)    P0M1 |=  GPIOx->Pin,  P0M0 |=  GPIOx->Pin;   //开漏输出
  61   2          if(GPIOx->Mode == GPIO_OUT_PP)    P0M1 &= ~GPIOx->Pin,  P0M0 |=  GPIOx->Pin;   //推挽输出
  62   2        }
  63   1        if(GPIO == GPIO_P1)
  64   1        {
  65   2          if(GPIOx->Mode == GPIO_PullUp)    P1M1 &= ~GPIOx->Pin,  P1M0 &= ~GPIOx->Pin;   //上拉准双向口
  66   2          if(GPIOx->Mode == GPIO_HighZ)     P1M1 |=  GPIOx->Pin,  P1M0 &= ~GPIOx->Pin;   //浮空输入
  67   2          if(GPIOx->Mode == GPIO_OUT_OD)    P1M1 |=  GPIOx->Pin,  P1M0 |=  GPIOx->Pin;   //开漏输出
  68   2          if(GPIOx->Mode == GPIO_OUT_PP)    P1M1 &= ~GPIOx->Pin,  P1M0 |=  GPIOx->Pin;   //推挽输出
  69   2        }
  70   1        if(GPIO == GPIO_P2)
  71   1        {
  72   2          if(GPIOx->Mode == GPIO_PullUp)    P2M1 &= ~GPIOx->Pin,  P2M0 &= ~GPIOx->Pin;   //上拉准双向口
  73   2          if(GPIOx->Mode == GPIO_HighZ)     P2M1 |=  GPIOx->Pin,  P2M0 &= ~GPIOx->Pin;   //浮空输入
  74   2          if(GPIOx->Mode == GPIO_OUT_OD)    P2M1 |=  GPIOx->Pin,  P2M0 |=  GPIOx->Pin;   //开漏输出
  75   2          if(GPIOx->Mode == GPIO_OUT_PP)    P2M1 &= ~GPIOx->Pin,  P2M0 |=  GPIOx->Pin;   //推挽输出
  76   2        }
  77   1        if(GPIO == GPIO_P3)
  78   1        {
  79   2          if(GPIOx->Mode == GPIO_PullUp)    P3M1 &= ~GPIOx->Pin,  P3M0 &= ~GPIOx->Pin;   //上拉准双向口
  80   2          if(GPIOx->Mode == GPIO_HighZ)     P3M1 |=  GPIOx->Pin,  P3M0 &= ~GPIOx->Pin;   //浮空输入
  81   2          if(GPIOx->Mode == GPIO_OUT_OD)    P3M1 |=  GPIOx->Pin,  P3M0 |=  GPIOx->Pin;   //开漏输出
  82   2          if(GPIOx->Mode == GPIO_OUT_PP)    P3M1 &= ~GPIOx->Pin,  P3M0 |=  GPIOx->Pin;   //推挽输出
  83   2        }
  84   1        if(GPIO == GPIO_P4)
  85   1        {
  86   2          if(GPIOx->Mode == GPIO_PullUp)    P4M1 &= ~GPIOx->Pin,  P4M0 &= ~GPIOx->Pin;   //上拉准双向口
  87   2          if(GPIOx->Mode == GPIO_HighZ)     P4M1 |=  GPIOx->Pin,  P4M0 &= ~GPIOx->Pin;   //浮空输入
  88   2          if(GPIOx->Mode == GPIO_OUT_OD)    P4M1 |=  GPIOx->Pin,  P4M0 |=  GPIOx->Pin;   //开漏输出
  89   2          if(GPIOx->Mode == GPIO_OUT_PP)    P4M1 &= ~GPIOx->Pin,  P4M0 |=  GPIOx->Pin;   //推挽输出
  90   2        }
  91   1        if(GPIO == GPIO_P5)
  92   1        {
  93   2          if(GPIOx->Mode == GPIO_PullUp)    P5M1 &= ~GPIOx->Pin,  P5M0 &= ~GPIOx->Pin;   //上拉准双向口
  94   2          if(GPIOx->Mode == GPIO_HighZ)     P5M1 |=  GPIOx->Pin,  P5M0 &= ~GPIOx->Pin;   //浮空输入
  95   2          if(GPIOx->Mode == GPIO_OUT_OD)    P5M1 |=  GPIOx->Pin,  P5M0 |=  GPIOx->Pin;   //开漏输出
  96   2          if(GPIOx->Mode == GPIO_OUT_PP)    P5M1 &= ~GPIOx->Pin,  P5M0 |=  GPIOx->Pin;   //推挽输出
  97   2        }
  98   1        if(GPIO == GPIO_P6)
  99   1        {
 100   2          if(GPIOx->Mode == GPIO_PullUp)    P6M1 &= ~GPIOx->Pin,  P6M0 &= ~GPIOx->Pin;   //上拉准双向口
 101   2          if(GPIOx->Mode == GPIO_HighZ)     P6M1 |=  GPIOx->Pin,  P6M0 &= ~GPIOx->Pin;   //浮空输入
 102   2          if(GPIOx->Mode == GPIO_OUT_OD)    P6M1 |=  GPIOx->Pin,  P6M0 |=  GPIOx->Pin;   //开漏输出
 103   2          if(GPIOx->Mode == GPIO_OUT_PP)    P6M1 &= ~GPIOx->Pin,  P6M0 |=  GPIOx->Pin;   //推挽输出
 104   2        }
 105   1          if(GPIO == GPIO_P7)
 106   1        {
 107   2          if(GPIOx->Mode == GPIO_PullUp)    P7M1 &= ~GPIOx->Pin,  P7M0 &= ~GPIOx->Pin;   //上拉准双向口
 108   2          if(GPIOx->Mode == GPIO_HighZ)     P7M1 |=  GPIOx->Pin,  P7M0 &= ~GPIOx->Pin;   //浮空输入
 109   2          if(GPIOx->Mode == GPIO_OUT_OD)    P7M1 |=  GPIOx->Pin,  P7M0 |=  GPIOx->Pin;   //开漏输出
 110   2          if(GPIOx->Mode == GPIO_OUT_PP)    P7M1 &= ~GPIOx->Pin,  P7M0 |=  GPIOx->Pin;   //推挽输出
 111   2        }
 112   1        return 0; //成功
 113   1      }

C51 COMPILER V9.52.0.0   GPIO                                                              04/24/2022 11:14:56 PAGE 3   


MODULE INFORMATION:   STATIC OVERLAYABLE
   CODE SIZE        =    729    ----
   CONSTANT SIZE    =   ----    ----
   XDATA SIZE       =   ----       2
   PDATA SIZE       =   ----    ----
   DATA SIZE        =   ----    ----
   IDATA SIZE       =   ----    ----
   BIT SIZE         =   ----    ----
END OF MODULE INFORMATION.


C51 COMPILATION COMPLETE.  0 WARNING(S),  0 ERROR(S)
