C51 COMPILER V9.52.0.0   LCD1602                                                           04/24/2022 11:14:58 PAGE 1   


C51 COMPILER V9.52.0.0, COMPILATION OF MODULE LCD1602
OBJECT MODULE PLACED IN .\list\LCD1602.obj
COMPILER INVOKED BY: C:\Keil_v4\C51\BIN\C51.EXE LCD1602\LCD1602.c LARGE BROWSE INCDIR(.\delay;.\GPIO;.\LED;.\OLED;.\Gyro
                    -;.\Uart1;.\STEP_MOTOR;.\TRAFFIC_LIGHT;.\delay;.\PULSE;.\KEY;.\MKEY;.\BMKEY;.\YBUZZER;.\WBUZZER;.\ONELED;.\FOURLED;.\88EL
                    -ED;.\1616ELED;.\LCD1602;.\LCD12864;.\LCDTFT;.\SPI;.\STMP_MOTO;.\DCMOTO;.\REMOTO) PRINT(.\list\LCD1602.lst) TABS(2) OBJEC
                    -T(.\list\LCD1602.obj)

line level    source

   1          #include "LCD1602.h"
   2          /*********************************************************************
   3          文件名称：LED1616.h
   4          版    本：V1.0
   5          说    明：1616LED相关函数功能文件
   6          修改记录：2021-11-11
   7          *********************************************************************/
   8          
   9          /*********************************************************************
  10          函数原型：void LCD1602_GPIO_config(void)
  11          函数功能：LCD端口初始化函数
  12          输入参数：无
  13          输出参数：无
  14          *********************************************************************/
  15          void  LCD1602_GPIO_config(void)
  16          {
  17   1        GPIO_InitTypeDef  GPIO_InitStructure;     //结构定义
  18   1        GPIO_InitStructure.Mode = GPIO_PullUp;    //指定IO的输入或输出方式,GPIO_PullUp,GPIO_HighZ,GPIO_OUT_OD,GPIO_
             -OUT_PP
  19   1        
  20   1        GPIO_InitStructure.Pin  = GPIO_Pin_All;     //指定要初始化的IO, GPIO_Pin_7, 或操作
  21   1        GPIO_Inilize(GPIO_P6, &GPIO_InitStructure); //初始化
  22   1        
  23   1          
  24   1        GPIO_InitStructure.Pin  = GPIO_Pin_0 |GPIO_Pin_1|GPIO_Pin_2|GPIO_Pin_3;     //指定要初始化的IO, GPIO_Pin_7,
             - 或操作
  25   1        GPIO_Inilize(GPIO_P7, &GPIO_InitStructure); //初始化
  26   1        
  27   1        GPIO_InitStructure.Pin  = GPIO_Pin_1;     //指定要初始化的IO, GPIO_Pin_7, 或操作
  28   1        GPIO_Inilize(GPIO_P0, &GPIO_InitStructure); //初始化
  29   1        
  30   1      }
  31          
  32          u8 code Xword[]={
  33              0x18,0x18,0x07,0x08,0x08,0x08,0x07,0x00,        //℃，代码 0x00
  34              0x00,0x00,0x00,0x00,0xff,0x00,0x00,0x00,        //一，代码 0x01
  35              0x00,0x00,0x00,0x0e,0x00,0xff,0x00,0x00,        //二，代码 0x02
  36              0x00,0x00,0xff,0x00,0x0e,0x00,0xff,0x00,        //三，代码 0x03
  37              0x00,0x00,0xff,0xf5,0xfb,0xf1,0xff,0x00,        //四，代码 0x04
  38              0x00,0xfe,0x08,0xfe,0x0a,0x0a,0xff,0x00,        //五，代码 0x05
  39              0x00,0x04,0x00,0xff,0x00,0x0a,0x11,0x00,        //六，代码 0x06
  40              0x00,0x1f,0x11,0x1f,0x11,0x11,0x1f,0x00,        //日，代码 0x07
  41          };
  42          
  43          void Delay(u8 delay)
  44          {
  45   1        u8 j;
  46   1        while(delay--)
  47   1        {
  48   2          for(j=0;j<1;j++);
  49   2        }
  50   1      }
C51 COMPILER V9.52.0.0   LCD1602                                                           04/24/2022 11:14:58 PAGE 2   

  51          
  52          
  53          /** 远程不需要测忙 **/
  54          void is_lcd1602_busy(){
  55   1      //  Lcd1602DataIn();
  56   1      //  Lcd1602RSLow();
  57   1      //  Lcd1602RWHigh();
  58   1      //  Lcd1602ENHigh();
  59   1      //  while(Lcd1602BusyData());
  60   1      //  Lcd1602ENLow();
  61   1      //  Lcd1602DataOut();
  62   1      }
  63          
  64          void lcd1602_write_cmd(u8 cmd){
  65   1        is_lcd1602_busy();
  66   1        Lcd1602RSLow();
  67   1        Lcd1602RWLow();
  68   1        Lcd1602WriteData(cmd);
  69   1        Lcd1602ENHigh();
  70   1        Delay(5);
  71   1        Lcd1602ENLow();
  72   1      }
  73          
  74          void lcd1602_write_data(u8 dat){
  75   1        is_lcd1602_busy();
  76   1        Lcd1602RSHigh();
  77   1        Lcd1602RWLow();
  78   1        Lcd1602WriteData(dat);
  79   1        Lcd1602ENHigh();
  80   1        Delay(5);
  81   1        Lcd1602ENLow();
  82   1      }
  83          
  84          //清屏函数
  85          void lcd1602_clear(void)
  86          {
  87   1        lcd1602_write_cmd(CMD_clear);
  88   1      }
  89          
  90          void lcd1602_init_cgram(void) { // 装入CGRAM //
  91   1        u8 i;
  92   1        lcd1602_write_cmd(0x06);      // CGRAM地址自动加1
  93   1        lcd1602_write_cmd(0x40);      // CGRAM地址设为00处
  94   1        for(i=0;i<64;i++) {
  95   2          lcd1602_write_data(Xword[i]);// 按数组写入数据
  96   2        }
  97   1      }
  98          
  99          void lcd1602_init()
 100          {
 101   1        Lcd1602DataOut();
 102   1        lcd1602_write_cmd(CMD_set82);
 103   1        lcd1602_write_cmd(CMD_clear);
 104   1        lcd1602_write_cmd(CMD_back);
 105   1        lcd1602_write_cmd(CMD_add1);
 106   1        lcd1602_write_cmd(CMD_dis_gb3);
 107   1        lcd1602_init_cgram();
 108   1      }
 109          
 110          /********************************************************************************************
 111          // 打印单字符程序 // 
 112          // 第一行位置 0x00~0x15  第二行位置 0x40~0x55 
C51 COMPILER V9.52.0.0   LCD1602                                                           04/24/2022 11:14:58 PAGE 3   

 113          // 向LCD发送一个字符,以十六进制（0x00）表示 
 114          // 应用举例：print(0xc0,0x30); //在第二行第一位处打印字符“0”
 115          /********************************************************************************************/
 116          void lcd1602_show_char(u8 pos, u8 dat)
 117          {
 118   1        lcd1602_write_cmd(pos|0x80);
 119   1        lcd1602_write_data(dat);
 120   1      }
 121          
 122          /********************************************************************************************
 123          // 打印字符串程序 // （本函数调用指针函数）
 124          // 向LCD发送一个字符串,长度48字符之内 
 125          // 第一行位置 0x00~0x15  第二行位置 0x40~0x55 
 126          // 应用举例：print(0x80,"doyoung.net"); //在第一行第一位处从左向右打印doyoung.net字符串
 127          /********************************************************************************************/
 128          void lcd1602_show_str(u8 pos,u8 *str)
 129          {
 130   1        lcd1602_write_cmd(pos | 0x80);
 131   1        while(*str != '\0'){
 132   2          lcd1602_write_data(*str++);
 133   2        }
 134   1      }


MODULE INFORMATION:   STATIC OVERLAYABLE
   CODE SIZE        =    240    ----
   CONSTANT SIZE    =     64    ----
   XDATA SIZE       =   ----       5
   PDATA SIZE       =   ----    ----
   DATA SIZE        =   ----    ----
   IDATA SIZE       =   ----    ----
   BIT SIZE         =   ----    ----
END OF MODULE INFORMATION.


C51 COMPILATION COMPLETE.  0 WARNING(S),  0 ERROR(S)
