C51 COMPILER V9.52.0.0   ONELED                                                            04/24/2022 11:14:57 PAGE 1   


C51 COMPILER V9.52.0.0, COMPILATION OF MODULE ONELED
OBJECT MODULE PLACED IN .\list\ONELED.obj
COMPILER INVOKED BY: C:\Keil_v4\C51\BIN\C51.EXE ONELED\ONELED.c LARGE BROWSE INCDIR(.\delay;.\GPIO;.\LED;.\OLED;.\Gyro;.
                    -\Uart1;.\STEP_MOTOR;.\TRAFFIC_LIGHT;.\delay;.\PULSE;.\KEY;.\MKEY;.\BMKEY;.\YBUZZER;.\WBUZZER;.\ONELED;.\FOURLED;.\88ELED
                    -;.\1616ELED;.\LCD1602;.\LCD12864;.\LCDTFT;.\SPI;.\STMP_MOTO;.\DCMOTO;.\REMOTO) PRINT(.\list\ONELED.lst) TABS(2) OBJECT(.
                    -\list\ONELED.obj)

line level    source

   1          #include "ONELED.h"
   2          /*********************************************************************
   3          文件名称：LED.h
   4          版    本：V1.0
   5          说    明：LED相关函数功能文件
   6          修改记录：2021-11-11
   7          *********************************************************************/
   8          
   9          /*********************************************************************
  10          函数原型：void LED_GPIO_config(void)
  11          函数功能：LED端口初始化函数
  12          输入参数：无
  13          输出参数：无
  14          *********************************************************************/
  15          void  ONELED_GPIO_config(void)
  16          {
  17   1        GPIO_InitTypeDef  GPIO_InitStructure;     //结构定义
  18   1        GPIO_InitStructure.Mode = GPIO_OUT_PP;    //指定IO的输入或输出方式,GPIO_PullUp,GPIO_HighZ,GPIO_OUT_OD,GPIO_
             -OUT_PP
  19   1        
  20   1        GPIO_InitStructure.Pin  = GPIO_Pin_All;     //指定要初始化的IO, GPIO_Pin_7, 或操作
  21   1        GPIO_Inilize(GPIO_P7, &GPIO_InitStructure); //初始化
  22   1      }
  23          
  24          
  25          code u8 one_mum[16]={0x3f,0x06,0x5b,0x4f,0x66,0x6d,0x7d,0x07,0x7f,0x6f,0x77,0x7c,0x39,0x5e,0x79,0x71};
  26          


MODULE INFORMATION:   STATIC OVERLAYABLE
   CODE SIZE        =     21    ----
   CONSTANT SIZE    =     16    ----
   XDATA SIZE       =   ----       2
   PDATA SIZE       =   ----    ----
   DATA SIZE        =   ----    ----
   IDATA SIZE       =   ----    ----
   BIT SIZE         =   ----    ----
END OF MODULE INFORMATION.


C51 COMPILATION COMPLETE.  0 WARNING(S),  0 ERROR(S)
