C51 COMPILER V9.60.0.0   BIT_IN_OUT                                                        11/11/2021 16:27:17 PAGE 1   


C51 COMPILER V9.60.0.0, COMPILATION OF MODULE BIT_IN_OUT
OBJECT MODULE PLACED IN .\list\BIT_IN_OUT.obj
COMPILER INVOKED BY: D:\8.KEIL C51\C51\BIN\C51.EXE BIT\BIT_IN_OUT.c LARGE OPTIMIZE(8,SPEED) BROWSE INCDIR(.\delay;.\GPIO
                    -;.\LED;.\OLED;.\Gyro;.\Uart1;.\STEP_MOTOR;.\TRAFFIC_LIGHT;.\delay;.\BIT) PRINT(.\list\BIT_IN_OUT.lst) TABS(2) OBJECT(.\l
                    -ist\BIT_IN_OUT.obj)

line level    source

   1          #include "BIT_IN_OUT.h"
   2          /*********************************************************************
   3          文件名称：BIT_IN_OUT.h
   4          版    本：V1.0
   5          说    明：LED相关函数功能文件
   6          修改记录：2021-11-11
   7          *********************************************************************/
   8          
   9          /*********************************************************************
  10          函数原型：void BitInOut_config(void)
  11          函数功能：位输入与输出端口初始化函数
  12          输入参数：无
  13          输出参数：无
  14          *********************************************************************/
  15          void  BitInOut_config(void)
  16          {
  17   1        GPIO_InitTypeDef  GPIO_InitStructure;     //结构定义
  18   1        GPIO_InitStructure.Pin  = GPIO_Pin_2;     //指定要初始化的IO, GPIO_Pin_7, 或操作
  19   1        GPIO_InitStructure.Mode = GPIO_HighZ;   //指定IO的输入或输出方式,GPIO_PullUp,GPIO_HighZ,GPIO_OUT_OD,GPIO_O
             -UT_PP
  20   1        GPIO_Inilize(GPIO_P3, &GPIO_InitStructure); //初始化
  21   1        
  22   1        
  23   1        GPIO_InitStructure.Pin  = GPIO_Pin_0;     //指定要初始化的IO, GPIO_Pin_7, 或操作
  24   1        GPIO_InitStructure.Mode = GPIO_OUT_PP;    //指定IO的输入或输出方式,GPIO_PullUp,GPIO_HighZ,GPIO_OUT_OD,GPIO_
             -OUT_PP
  25   1        GPIO_Inilize(GPIO_P5, &GPIO_InitStructure); //初始化
  26   1        
  27   1      }
  28          
  29          
  30          
  31          


MODULE INFORMATION:   STATIC OVERLAYABLE
   CODE SIZE        =     45    ----
   CONSTANT SIZE    =   ----    ----
   XDATA SIZE       =   ----       2
   PDATA SIZE       =   ----    ----
   DATA SIZE        =   ----    ----
   IDATA SIZE       =   ----    ----
   BIT SIZE         =   ----    ----
END OF MODULE INFORMATION.


C51 COMPILATION COMPLETE.  0 WARNING(S),  0 ERROR(S)
