*** Note: Rebuilding project, since 'Options->Output->Create Batch File' is selected.
Rebuild target 'Target 1'
compiling main.c...
compiling GPIO.c...
compiling LED.c...
compiling delay.c...
compiling PULSE_IN_BIT_OUT.c...
compiling KEY.c...
compiling MKEY.c...
compiling BMKEY.c...
compiling YBUZZER.c...
compiling WBUZZER.c...
compiling ONELED.c...
compiling FOURLED.c...
compiling LED88.c...
compiling LED1616.c...
compiling LCD1602.c...
compiling LCD12864.c...
compiling SPI_WS.c...
compiling LCDTFT.c...
compiling STMP_MOTO.c...
compiling DCMOTO.c...
linking...
Program Size: data=9.0 xdata=5330 code=12509
creating hex file from ".\list\OUT_STC51_Hex"...
".\list\OUT_STC51_Hex" - 0 Error(s), 0 Warning(s).
Build Time Elapsed:  00:00:02
