C51 COMPILER V9.52.0.0   DELAY                                                             04/08/2022 11:25:55 PAGE 1   


C51 COMPILER V9.52.0.0, COMPILATION OF MODULE DELAY
OBJECT MODULE PLACED IN .\list\delay.obj
COMPILER INVOKED BY: C:\Keil_v4\C51\BIN\C51.EXE delay\delay.c LARGE BROWSE INCDIR(.\delay;.\GPIO;.\LED;.\OLED;.\Gyro;.\U
                    -art1;.\STEP_MOTOR;.\TRAFFIC_LIGHT;.\delay;.\PULSE;.\KEY;.\MKEY;.\BMKEY;.\YBUZZER;.\WBUZZER;.\ONELED) PRINT(.\list\delay.
                    -lst) TABS(2) OBJECT(.\list\delay.obj)

line level    source

   1          #include  "delay.h"
   2          
   3          /*********************************************************************
   4          文件名称：delay.h
   5          版    本：V1.0
   6          说    明：延时函数相关
   7          修改记录：2021-11-11
   8          *********************************************************************/
   9          
  10          /*********************************************************************
  11          函数原型：void  delay_ms(unsigned int ms)
  12          函数功能：毫秒级延时函数
  13          输入参数：ms毫秒
  14          输出参数：无
  15          *********************************************************************/
  16          void  delay_ms(unsigned int ms)
  17          {
  18   1        unsigned int i;
  19   1        do{
  20   2          i = MAIN_Fosc / 13000;
  21   2        while(--i)  ;     
  22   2        }while(--ms);
  23   1      }
  24          /*********************************************************************
  25          函数原型：void  delay_us(unsigned int us)
  26          函数功能：微秒秒级延时函数
  27          输入参数：us微秒
  28          输出参数：无
  29          *********************************************************************/
  30          void  delay_us(unsigned int us)
  31          {
  32   1        unsigned int i;
  33   1        do
  34   1        {
  35   2          i = MAIN_Fosc / 30000000;
  36   2          while(--i); 
  37   2        }while(--us);
  38   1      }


MODULE INFORMATION:   STATIC OVERLAYABLE
   CODE SIZE        =     46    ----
   CONSTANT SIZE    =   ----    ----
   XDATA SIZE       =   ----    ----
   PDATA SIZE       =   ----    ----
   DATA SIZE        =   ----    ----
   IDATA SIZE       =   ----    ----
   BIT SIZE         =   ----    ----
END OF MODULE INFORMATION.


C51 COMPILATION COMPLETE.  0 WARNING(S),  0 ERROR(S)
